<?xml version="1.0" encoding="UTF-8" ?>
<testsuite failures="0" time="1.891" errors="0" skipped="0" tests="20" name="SimpleTextMunger_Test">
  <properties>
[...]
</properties>
  <testcase time="0" classname="| \&quot;a\&quot; | \&quot;a\&quot; |" name="Given I have an instance of my class"/>
  <testcase time="0" classname="| \&quot;a\&quot; | \&quot;a\&quot; |" name="When I call my method with \&quot;a\&quot;"/>
  <testcase time="0" classname="| \&quot;a\&quot; | \&quot;a\&quot; |" name="Then I receive \&quot;a\&quot;"/>
  <testcase time="0" classname="| \&quot;a\&quot; | \&quot;a\&quot; |" name="| \&quot;a\&quot; | \&quot;a\&quot; |"/>
  <testcase time="0" classname="| \&quot;an\&quot; | \&quot;an\&quot; |" name="Given I have an instance of my class"/>
  <testcase time="0" classname="| \&quot;an\&quot; | \&quot;an\&quot; |" name="When I call my method with \&quot;an\&quot;"/>
  <testcase time="0" classname="| \&quot;an\&quot; | \&quot;an\&quot; |" name="Then I receive \&quot;an\&quot;"/>
  <testcase time="0" classname="| \&quot;an\&quot; | \&quot;an\&quot; |" name="| \&quot;an\&quot; | \&quot;an\&quot; |"/>
  <testcase time="0" classname="| \&quot;and\&quot; | \&quot;and\&quot; |" name="Given I have an instance of my class"/>
  <testcase time="0" classname="| \&quot;and\&quot; | \&quot;and\&quot; |" name="When I call my method with \&quot;and\&quot;"/>
  <testcase time="0" classname="| \&quot;and\&quot; | \&quot;and\&quot; |" name="Then I receive \&quot;and\&quot;"/>
  <testcase time="0" classname="| \&quot;and\&quot; | \&quot;and\&quot; |" name="| \&quot;and\&quot; | \&quot;and\&quot; |"/>
  <testcase time="0" classname="| \&quot;spice\&quot; | \&quot;scipe\&quot; |" name="Given I have an instance of my class"/>
  <testcase time="0" classname="| \&quot;spice\&quot; | \&quot;scipe\&quot; |" name="When I call my method with \&quot;spice\&quot;"/>
  <testcase time="0" classname="| \&quot;spice\&quot; | \&quot;scipe\&quot; |" name="Then I receive \&quot;scipe\&quot;"/>
  <testcase time="0" classname="| \&quot;spice\&quot; | \&quot;scipe\&quot; |" name="| \&quot;spice\&quot; | \&quot;scipe\&quot; |"/>
  <testcase time="0" classname="Scenario: It should process a sentence" name="Given I have an instance of my class"/>
  <testcase time="0" classname="Scenario: It should process a sentence" name="When I call my method with \&quot;And the spice must flow\&quot;"/>
  <testcase time="0" classname="Scenario: It should process a sentence" name="Then I receive \&quot;And the scipe msut folw\&quot;"/>
  <testcase time="0" classname="Scenario: It should process a sentence" name="Scenario: It should process a sentence"/>
</testsuite>